f:\vc++ project\mfcapplication3\mfcapplication3.0\debug\mfcapplication3.0.pch
f:\vc++ project\mfcapplication3\mfcapplication3.0\debug\vc140.pdb
f:\vc++ project\mfcapplication3\mfcapplication3.0\debug\vc140.idb
f:\vc++ project\mfcapplication3\mfcapplication3.0\debug\stdafx.obj
f:\vc++ project\mfcapplication3\mfcapplication3.0\debug\mfcapplication3.0view.obj
f:\vc++ project\mfcapplication3\mfcapplication3.0\debug\mainfrm.obj
f:\vc++ project\mfcapplication3\mfcapplication3.0\debug\mfcapplication3.0.obj
f:\vc++ project\mfcapplication3\mfcapplication3.0\debug\mfcapplication3.0doc.obj
f:\vc++ project\mfcapplication3\debug\mfcapplication3.0.ilk
f:\vc++ project\mfcapplication3\debug\mfcapplication3.0.exe
f:\vc++ project\mfcapplication3\debug\mfcapplication3.0.pdb
f:\vc++ project\mfcapplication3\mfcapplication3.0\debug\mfcapplication3.0.res
f:\vc++ project\mfcapplication3\mfcapplication3.0\debug\mfcappli.06a51ce8.tlog\cl.command.1.tlog
f:\vc++ project\mfcapplication3\mfcapplication3.0\debug\mfcappli.06a51ce8.tlog\cl.read.1.tlog
f:\vc++ project\mfcapplication3\mfcapplication3.0\debug\mfcappli.06a51ce8.tlog\cl.write.1.tlog
f:\vc++ project\mfcapplication3\mfcapplication3.0\debug\mfcappli.06a51ce8.tlog\link.command.1.tlog
f:\vc++ project\mfcapplication3\mfcapplication3.0\debug\mfcappli.06a51ce8.tlog\link.read.1.tlog
f:\vc++ project\mfcapplication3\mfcapplication3.0\debug\mfcappli.06a51ce8.tlog\link.write.1.tlog
f:\vc++ project\mfcapplication3\mfcapplication3.0\debug\mfcappli.06a51ce8.tlog\rc.command.1.tlog
f:\vc++ project\mfcapplication3\mfcapplication3.0\debug\mfcappli.06a51ce8.tlog\rc.read.1.tlog
f:\vc++ project\mfcapplication3\mfcapplication3.0\debug\mfcappli.06a51ce8.tlog\rc.write.1.tlog
