f:\vc++\mfcapplication2\mfcapplication2.1\debug\mfcapplication2.1.pch
f:\vc++\mfcapplication2\mfcapplication2.1\debug\vc140.pdb
f:\vc++\mfcapplication2\mfcapplication2.1\debug\vc140.idb
f:\vc++\mfcapplication2\mfcapplication2.1\debug\stdafx.obj
f:\vc++\mfcapplication2\mfcapplication2.1\debug\mainfrm.obj
f:\vc++\mfcapplication2\mfcapplication2.1\debug\mfcapplication2.1.obj
f:\vc++\mfcapplication2\mfcapplication2.1\debug\mfcapplication2.1doc.obj
f:\vc++\mfcapplication2\mfcapplication2.1\debug\mfcapplication2.1view.obj
f:\vc++\mfcapplication2\debug\mfcapplication2.1.ilk
f:\vc++\mfcapplication2\debug\mfcapplication2.1.exe
f:\vc++\mfcapplication2\debug\mfcapplication2.1.pdb
f:\vc++\mfcapplication2\mfcapplication2.1\debug\mfcapplication2.1.res
f:\vc++\mfcapplication2\mfcapplication2.1\debug\mfcappli.193e6678.tlog\cl.command.1.tlog
f:\vc++\mfcapplication2\mfcapplication2.1\debug\mfcappli.193e6678.tlog\cl.read.1.tlog
f:\vc++\mfcapplication2\mfcapplication2.1\debug\mfcappli.193e6678.tlog\cl.write.1.tlog
f:\vc++\mfcapplication2\mfcapplication2.1\debug\mfcappli.193e6678.tlog\link.command.1.tlog
f:\vc++\mfcapplication2\mfcapplication2.1\debug\mfcappli.193e6678.tlog\link.read.1.tlog
f:\vc++\mfcapplication2\mfcapplication2.1\debug\mfcappli.193e6678.tlog\link.write.1.tlog
f:\vc++\mfcapplication2\mfcapplication2.1\debug\mfcappli.193e6678.tlog\rc.command.1.tlog
f:\vc++\mfcapplication2\mfcapplication2.1\debug\mfcappli.193e6678.tlog\rc.read.1.tlog
f:\vc++\mfcapplication2\mfcapplication2.1\debug\mfcappli.193e6678.tlog\rc.write.1.tlog
