f:\vc++ project\mfcapplication3\mfcapplication3.1\debug\mfcapplication3.1.pch
f:\vc++ project\mfcapplication3\mfcapplication3.1\debug\vc140.pdb
f:\vc++ project\mfcapplication3\mfcapplication3.1\debug\vc140.idb
f:\vc++ project\mfcapplication3\mfcapplication3.1\debug\stdafx.obj
f:\vc++ project\mfcapplication3\mfcapplication3.1\debug\mfcapplication3.1view.obj
f:\vc++ project\mfcapplication3\mfcapplication3.1\debug\mainfrm.obj
f:\vc++ project\mfcapplication3\mfcapplication3.1\debug\mfcapplication3.1.obj
f:\vc++ project\mfcapplication3\mfcapplication3.1\debug\mfcapplication3.1doc.obj
f:\vc++ project\mfcapplication3\mfcapplication3.1\debug\mfcapplication3.1.ilk
f:\vc++ project\mfcapplication3\mfcapplication3.1\debug\mfcapplication3.1.exe
f:\vc++ project\mfcapplication3\mfcapplication3.1\debug\mfcapplication3.1.pdb
f:\vc++ project\mfcapplication3\mfcapplication3.1\debug\mfcapplication3.1.res
f:\vc++ project\mfcapplication3\mfcapplication3.1\debug\mfcappli.6556a1ac.tlog\cl.command.1.tlog
f:\vc++ project\mfcapplication3\mfcapplication3.1\debug\mfcappli.6556a1ac.tlog\cl.read.1.tlog
f:\vc++ project\mfcapplication3\mfcapplication3.1\debug\mfcappli.6556a1ac.tlog\cl.write.1.tlog
f:\vc++ project\mfcapplication3\mfcapplication3.1\debug\mfcappli.6556a1ac.tlog\link.command.1.tlog
f:\vc++ project\mfcapplication3\mfcapplication3.1\debug\mfcappli.6556a1ac.tlog\link.read.1.tlog
f:\vc++ project\mfcapplication3\mfcapplication3.1\debug\mfcappli.6556a1ac.tlog\link.write.1.tlog
f:\vc++ project\mfcapplication3\mfcapplication3.1\debug\mfcappli.6556a1ac.tlog\rc.command.1.tlog
f:\vc++ project\mfcapplication3\mfcapplication3.1\debug\mfcappli.6556a1ac.tlog\rc.read.1.tlog
f:\vc++ project\mfcapplication3\mfcapplication3.1\debug\mfcappli.6556a1ac.tlog\rc.write.1.tlog
