f:\vc++\mfcapplication2\mfcapplication2.2\debug\mfcapplication2.2.pch
f:\vc++\mfcapplication2\mfcapplication2.2\debug\vc140.pdb
f:\vc++\mfcapplication2\mfcapplication2.2\debug\vc140.idb
f:\vc++\mfcapplication2\mfcapplication2.2\debug\stdafx.obj
f:\vc++\mfcapplication2\mfcapplication2.2\debug\mainfrm.obj
f:\vc++\mfcapplication2\mfcapplication2.2\debug\mfcapplication2.2.obj
f:\vc++\mfcapplication2\mfcapplication2.2\debug\mfcapplication2.2doc.obj
f:\vc++\mfcapplication2\mfcapplication2.2\debug\mfcapplication2.2view.obj
f:\vc++\mfcapplication2\debug\mfcapplication2.2.ilk
f:\vc++\mfcapplication2\debug\mfcapplication2.2.exe
f:\vc++\mfcapplication2\debug\mfcapplication2.2.pdb
f:\vc++\mfcapplication2\mfcapplication2.2\debug\mfcapplication2.2.res
f:\vc++\mfcapplication2\mfcapplication2.2\debug\mfcappli.8059bbd4.tlog\cl.command.1.tlog
f:\vc++\mfcapplication2\mfcapplication2.2\debug\mfcappli.8059bbd4.tlog\cl.read.1.tlog
f:\vc++\mfcapplication2\mfcapplication2.2\debug\mfcappli.8059bbd4.tlog\cl.write.1.tlog
f:\vc++\mfcapplication2\mfcapplication2.2\debug\mfcappli.8059bbd4.tlog\link.command.1.tlog
f:\vc++\mfcapplication2\mfcapplication2.2\debug\mfcappli.8059bbd4.tlog\link.read.1.tlog
f:\vc++\mfcapplication2\mfcapplication2.2\debug\mfcappli.8059bbd4.tlog\link.write.1.tlog
f:\vc++\mfcapplication2\mfcapplication2.2\debug\mfcappli.8059bbd4.tlog\rc.command.1.tlog
f:\vc++\mfcapplication2\mfcapplication2.2\debug\mfcappli.8059bbd4.tlog\rc.read.1.tlog
f:\vc++\mfcapplication2\mfcapplication2.2\debug\mfcappli.8059bbd4.tlog\rc.write.1.tlog
