f:\vc++ project\mfcapplication9\mfcapplication2\debug\mfcapplication2.pch
f:\vc++ project\mfcapplication9\mfcapplication2\debug\vc140.pdb
f:\vc++ project\mfcapplication9\mfcapplication2\debug\vc140.idb
f:\vc++ project\mfcapplication9\mfcapplication2\debug\stdafx.obj
f:\vc++ project\mfcapplication9\mfcapplication2\debug\mfcapplication2view.obj
f:\vc++ project\mfcapplication9\mfcapplication2\debug\mainfrm.obj
f:\vc++ project\mfcapplication9\mfcapplication2\debug\mfcapplication2.obj
f:\vc++ project\mfcapplication9\mfcapplication2\debug\mfcapplication2doc.obj
f:\vc++ project\mfcapplication9\mfcapplication2\debug\mydialog.obj
f:\vc++ project\mfcapplication9\debug\mfcapplication2.ilk
f:\vc++ project\mfcapplication9\debug\mfcapplication2.exe
f:\vc++ project\mfcapplication9\debug\mfcapplication2.pdb
f:\vc++ project\mfcapplication9\mfcapplication2\debug\mfcapplication2.res
f:\vc++ project\mfcapplication9\mfcapplication2\debug\mfcapplication2.tlog\cl.command.1.tlog
f:\vc++ project\mfcapplication9\mfcapplication2\debug\mfcapplication2.tlog\cl.read.1.tlog
f:\vc++ project\mfcapplication9\mfcapplication2\debug\mfcapplication2.tlog\cl.write.1.tlog
f:\vc++ project\mfcapplication9\mfcapplication2\debug\mfcapplication2.tlog\link.command.1.tlog
f:\vc++ project\mfcapplication9\mfcapplication2\debug\mfcapplication2.tlog\link.read.1.tlog
f:\vc++ project\mfcapplication9\mfcapplication2\debug\mfcapplication2.tlog\link.write.1.tlog
f:\vc++ project\mfcapplication9\mfcapplication2\debug\mfcapplication2.tlog\rc.command.1.tlog
f:\vc++ project\mfcapplication9\mfcapplication2\debug\mfcapplication2.tlog\rc.read.1.tlog
f:\vc++ project\mfcapplication9\mfcapplication2\debug\mfcapplication2.tlog\rc.write.1.tlog
