f:\vc++\mfcexperiment1\mfcexperiment1\debug\mfcexperiment1.pch
f:\vc++\mfcexperiment1\mfcexperiment1\debug\vc140.pdb
f:\vc++\mfcexperiment1\mfcexperiment1\debug\vc140.idb
f:\vc++\mfcexperiment1\mfcexperiment1\debug\stdafx.obj
f:\vc++\mfcexperiment1\mfcexperiment1\debug\mainfrm.obj
f:\vc++\mfcexperiment1\mfcexperiment1\debug\mfcexperiment1.obj
f:\vc++\mfcexperiment1\mfcexperiment1\debug\mfcexperiment1doc.obj
f:\vc++\mfcexperiment1\mfcexperiment1\debug\mfcexperiment1view.obj
f:\vc++\mfcexperiment1\debug\mfcexperiment1.ilk
f:\vc++\mfcexperiment1\debug\mfcexperiment1.exe
f:\vc++\mfcexperiment1\debug\mfcexperiment1.pdb
f:\vc++\mfcexperiment1\mfcexperiment1\debug\mfcexperiment1.res
f:\vc++\mfcexperiment1\mfcexperiment1\debug\mfcexperiment1.tlog\cl.command.1.tlog
f:\vc++\mfcexperiment1\mfcexperiment1\debug\mfcexperiment1.tlog\cl.read.1.tlog
f:\vc++\mfcexperiment1\mfcexperiment1\debug\mfcexperiment1.tlog\cl.write.1.tlog
f:\vc++\mfcexperiment1\mfcexperiment1\debug\mfcexperiment1.tlog\link.command.1.tlog
f:\vc++\mfcexperiment1\mfcexperiment1\debug\mfcexperiment1.tlog\link.read.1.tlog
f:\vc++\mfcexperiment1\mfcexperiment1\debug\mfcexperiment1.tlog\link.write.1.tlog
f:\vc++\mfcexperiment1\mfcexperiment1\debug\mfcexperiment1.tlog\rc.command.1.tlog
f:\vc++\mfcexperiment1\mfcexperiment1\debug\mfcexperiment1.tlog\rc.read.1.tlog
f:\vc++\mfcexperiment1\mfcexperiment1\debug\mfcexperiment1.tlog\rc.write.1.tlog
