f:\vc++\mfcexperiment1\mfcexperiment1.2\debug\mfcexperiment1.2.pch
f:\vc++\mfcexperiment1\mfcexperiment1.2\debug\vc140.pdb
f:\vc++\mfcexperiment1\mfcexperiment1.2\debug\vc140.idb
f:\vc++\mfcexperiment1\mfcexperiment1.2\debug\stdafx.obj
f:\vc++\mfcexperiment1\mfcexperiment1.2\debug\mainfrm.obj
f:\vc++\mfcexperiment1\mfcexperiment1.2\debug\mfcexperiment1.2.obj
f:\vc++\mfcexperiment1\mfcexperiment1.2\debug\mfcexperiment1.2doc.obj
f:\vc++\mfcexperiment1\mfcexperiment1.2\debug\mfcexperiment1.2view.obj
f:\vc++\mfcexperiment1\debug\mfcexperiment1.2.ilk
f:\vc++\mfcexperiment1\debug\mfcexperiment1.2.exe
f:\vc++\mfcexperiment1\debug\mfcexperiment1.2.pdb
f:\vc++\mfcexperiment1\mfcexperiment1.2\debug\mfcexperiment1.2.res
f:\vc++\mfcexperiment1\mfcexperiment1.2\debug\mfcexperiment1.2.tlog\cl.command.1.tlog
f:\vc++\mfcexperiment1\mfcexperiment1.2\debug\mfcexperiment1.2.tlog\cl.read.1.tlog
f:\vc++\mfcexperiment1\mfcexperiment1.2\debug\mfcexperiment1.2.tlog\cl.write.1.tlog
f:\vc++\mfcexperiment1\mfcexperiment1.2\debug\mfcexperiment1.2.tlog\link.command.1.tlog
f:\vc++\mfcexperiment1\mfcexperiment1.2\debug\mfcexperiment1.2.tlog\link.read.1.tlog
f:\vc++\mfcexperiment1\mfcexperiment1.2\debug\mfcexperiment1.2.tlog\link.write.1.tlog
f:\vc++\mfcexperiment1\mfcexperiment1.2\debug\mfcexperiment1.2.tlog\rc.command.1.tlog
f:\vc++\mfcexperiment1\mfcexperiment1.2\debug\mfcexperiment1.2.tlog\rc.read.1.tlog
f:\vc++\mfcexperiment1\mfcexperiment1.2\debug\mfcexperiment1.2.tlog\rc.write.1.tlog
