f:\vc++\mfcexperiment1\mfcexperiment1.3\debug\mfcexperiment1.3.pch
f:\vc++\mfcexperiment1\mfcexperiment1.3\debug\vc140.pdb
f:\vc++\mfcexperiment1\mfcexperiment1.3\debug\vc140.idb
f:\vc++\mfcexperiment1\mfcexperiment1.3\debug\stdafx.obj
f:\vc++\mfcexperiment1\mfcexperiment1.3\debug\mainfrm.obj
f:\vc++\mfcexperiment1\mfcexperiment1.3\debug\mfcexperiment1.3.obj
f:\vc++\mfcexperiment1\mfcexperiment1.3\debug\mfcexperiment1.3doc.obj
f:\vc++\mfcexperiment1\mfcexperiment1.3\debug\mfcexperiment1.3view.obj
f:\vc++\mfcexperiment1\debug\mfcexperiment1.3.ilk
f:\vc++\mfcexperiment1\debug\mfcexperiment1.3.exe
f:\vc++\mfcexperiment1\debug\mfcexperiment1.3.pdb
f:\vc++\mfcexperiment1\mfcexperiment1.3\debug\mfcexperiment1.3.res
f:\vc++\mfcexperiment1\mfcexperiment1.3\debug\mfcexperiment1.3.tlog\cl.command.1.tlog
f:\vc++\mfcexperiment1\mfcexperiment1.3\debug\mfcexperiment1.3.tlog\cl.read.1.tlog
f:\vc++\mfcexperiment1\mfcexperiment1.3\debug\mfcexperiment1.3.tlog\cl.write.1.tlog
f:\vc++\mfcexperiment1\mfcexperiment1.3\debug\mfcexperiment1.3.tlog\link.command.1.tlog
f:\vc++\mfcexperiment1\mfcexperiment1.3\debug\mfcexperiment1.3.tlog\link.read.1.tlog
f:\vc++\mfcexperiment1\mfcexperiment1.3\debug\mfcexperiment1.3.tlog\link.write.1.tlog
f:\vc++\mfcexperiment1\mfcexperiment1.3\debug\mfcexperiment1.3.tlog\rc.command.1.tlog
f:\vc++\mfcexperiment1\mfcexperiment1.3\debug\mfcexperiment1.3.tlog\rc.read.1.tlog
f:\vc++\mfcexperiment1\mfcexperiment1.3\debug\mfcexperiment1.3.tlog\rc.write.1.tlog
